Mplus VERSION 7.3
MUTHEN & MUTHEN
03/26/2015  12:27 PM

INPUT INSTRUCTIONS

  ! *********************************************************************************
  ! The following code is used to replicate results presented in
  !
  ! Curran, P.J., Howard, A.L., Bainter, S.A., Lane, S.T., & McGinley, J.S. (2014).
  ! The separation of between-person and within-person components of individual
  ! change over time: A latent curve model with structured residuals.
  ! Journal of Consulting and Clinical Psychology, 82, 879-894.
  !
  ! All data are artificially simulated. Please see article for
  ! complete details about data generation and model fitting.
  !
  ! alc=alcohol, dep=depression, gen=gender (0=female, 1=male)
  ! trt=treatment condition (0=control, 1=treatment).
  !
  ! To stress, ALL DATA ARE ARTIFICIALLY SIMULATED.
  ! *********************************************************************************

  title:
   univariate linear LCM-SR for alcohol use NOT including regressions among the residuals
   presented in the 1st & 2nd paragraphs of the 1st column on page 889
   this model has phantom variables defined but are not needed here. this only sets up
   the ability to estimate regressions among the residuals in later models
  data:
   file=currandemo.dat;
  variable:
   names=id gen trt alc1-alc5 dep1-dep5;
   usevar=alc1-alc5;
  analysis:
   estimator=ml;
   model=nocovariances; ! supresses default estimation of certain covs in model;
  model:
   alcint alcslp | alc1@0 alc2@1 alc3@2 alc4@3 alc5@4; ! linear growth in alc;

   alcint with alcslp; ! freeing factor covs because of "nocovariances" option earlier;

   alcres1 by alc1@1; ! create "phantom factors" to define the time-specific residuals;
   alcres2 by alc2@1; ! for the SR-part of model. This is simply a programming trick so;
   alcres3 by alc3@1; ! we can use the residuals as predictor and outcome variables;
   alcres4 by alc4@1; ! these are not necessary in this model but allow for more;
   alcres5 by alc5@1; ! complex models later;

   [alc1-alc5@0]; alc1-alc5@0; ! fixing means & vars of manfiest repeated measures to 0;
   [alcres1-alcres5@0];        ! fixing mean of resids to zero for identification;
    alcres1-alcres5;           ! estimating variances of residuals;

  output:
   standardized;



INPUT READING TERMINATED NORMALLY




univariate linear LCM-SR for alcohol use NOT including regressions among the residuals
presented in the 1st & 2nd paragraphs of the 1st column on page 889
this model has phantom variables defined but are not needed here. this only sets up
the ability to estimate regressions among the residuals in later models

SUMMARY OF ANALYSIS

Number of groups                                                 1
Number of observations                                         250

Number of dependent variables                                    5
Number of independent variables                                  0
Number of continuous latent variables                            7

Observed dependent variables

  Continuous
   ALC1        ALC2        ALC3        ALC4        ALC5

Continuous latent variables
   ALCRES1     ALCRES2     ALCRES3     ALCRES4     ALCRES5     ALCINT
   ALCSLP


Estimator                                                       ML
Information matrix                                        OBSERVED
Maximum number of iterations                                  1000
Convergence criterion                                    0.500D-04
Maximum number of steepest descent iterations                   20

Input data file(s)
  currandemo.dat

Input data format  FREE



THE MODEL ESTIMATION TERMINATED NORMALLY



MODEL FIT INFORMATION

Number of Free Parameters                       10

Loglikelihood

          H0 Value                       -3130.501
          H1 Value                       -3121.952

Information Criteria

          Akaike (AIC)                    6281.002
          Bayesian (BIC)                  6316.217
          Sample-Size Adjusted BIC        6284.516
            (n* = (n + 2) / 24)

Chi-Square Test of Model Fit

          Value                             17.099
          Degrees of Freedom                    10
          P-Value                           0.0722

RMSEA (Root Mean Square Error Of Approximation)

          Estimate                           0.053
          90 Percent C.I.                    0.000  0.095
          Probability RMSEA <= .05           0.401

CFI/TLI

          CFI                                0.986
          TLI                                0.986

Chi-Square Test of Model Fit for the Baseline Model

          Value                            522.275
          Degrees of Freedom                    10
          P-Value                           0.0000

SRMR (Standardized Root Mean Square Residual)

          Value                              0.041



MODEL RESULTS

                                                    Two-Tailed
                    Estimate       S.E.  Est./S.E.    P-Value

 ALCINT   |
    ALC1               1.000      0.000    999.000    999.000
    ALC2               1.000      0.000    999.000    999.000
    ALC3               1.000      0.000    999.000    999.000
    ALC4               1.000      0.000    999.000    999.000
    ALC5               1.000      0.000    999.000    999.000

 ALCSLP   |
    ALC1               0.000      0.000    999.000    999.000
    ALC2               1.000      0.000    999.000    999.000
    ALC3               2.000      0.000    999.000    999.000
    ALC4               3.000      0.000    999.000    999.000
    ALC5               4.000      0.000    999.000    999.000

 ALCRES1  BY
    ALC1               1.000      0.000    999.000    999.000

 ALCRES2  BY
    ALC2               1.000      0.000    999.000    999.000

 ALCRES3  BY
    ALC3               1.000      0.000    999.000    999.000

 ALCRES4  BY
    ALC4               1.000      0.000    999.000    999.000

 ALCRES5  BY
    ALC5               1.000      0.000    999.000    999.000

 ALCINT   WITH
    ALCSLP            -0.466      0.245     -1.906      0.057

 Means
    ALCRES1            0.000      0.000    999.000    999.000
    ALCRES2            0.000      0.000    999.000    999.000
    ALCRES3            0.000      0.000    999.000    999.000
    ALCRES4            0.000      0.000    999.000    999.000
    ALCRES5            0.000      0.000    999.000    999.000
    ALCINT             3.408      0.165     20.626      0.000
    ALCSLP             0.626      0.081      7.730      0.000

 Intercepts
    ALC1               0.000      0.000    999.000    999.000
    ALC2               0.000      0.000    999.000    999.000
    ALC3               0.000      0.000    999.000    999.000
    ALC4               0.000      0.000    999.000    999.000
    ALC5               0.000      0.000    999.000    999.000

 Variances
    ALCRES1            2.743      0.545      5.033      0.000
    ALCRES2            4.674      0.509      9.190      0.000
    ALCRES3            4.565      0.507      9.005      0.000
    ALCRES4            4.860      0.661      7.349      0.000
    ALCRES5            7.825      1.143      6.848      0.000
    ALCINT             4.662      0.660      7.064      0.000
    ALCSLP             1.162      0.151      7.704      0.000

 Residual Variances
    ALC1               0.000      0.000    999.000    999.000
    ALC2               0.000      0.000    999.000    999.000
    ALC3               0.000      0.000    999.000    999.000
    ALC4               0.000      0.000    999.000    999.000
    ALC5               0.000      0.000    999.000    999.000


STANDARDIZED MODEL RESULTS


STDYX Standardization

                                                    Two-Tailed
                    Estimate       S.E.  Est./S.E.    P-Value

 ALCINT   |
    ALC1               0.793      0.042     18.742      0.000
    ALC2               0.698      0.041     16.859      0.000
    ALC3               0.623      0.044     14.222      0.000
    ALC4               0.521      0.041     12.802      0.000
    ALC5               0.413      0.034     12.152      0.000

 ALCSLP   |
    ALC1               0.000      0.000    999.000    999.000
    ALC2               0.349      0.026     13.623      0.000
    ALC3               0.622      0.041     15.249      0.000
    ALC4               0.780      0.044     17.573      0.000
    ALC5               0.825      0.043     19.395      0.000

 ALCRES1  BY
    ALC1               0.609      0.055     11.028      0.000

 ALCRES2  BY
    ALC2               0.699      0.028     24.879      0.000

 ALCRES3  BY
    ALC3               0.616      0.029     21.118      0.000

 ALCRES4  BY
    ALC4               0.532      0.034     15.598      0.000

 ALCRES5  BY
    ALC5               0.535      0.035     15.286      0.000

 ALCINT   WITH
    ALCSLP            -0.200      0.091     -2.193      0.028

 Means
    ALCRES1            0.000      0.000    999.000    999.000
    ALCRES2            0.000      0.000    999.000    999.000
    ALCRES3            0.000      0.000    999.000    999.000
    ALCRES4            0.000      0.000    999.000    999.000
    ALCRES5            0.000      0.000    999.000    999.000
    ALCINT             1.578      0.138     11.412      0.000
    ALCSLP             0.580      0.083      6.967      0.000

 Intercepts
    ALC1               0.000      0.000    999.000    999.000
    ALC2               0.000      0.000    999.000    999.000
    ALC3               0.000      0.000    999.000    999.000
    ALC4               0.000      0.000    999.000    999.000
    ALC5               0.000      0.000    999.000    999.000

 Variances
    ALCRES1            1.000      0.000    999.000    999.000
    ALCRES2            1.000      0.000    999.000    999.000
    ALCRES3            1.000      0.000    999.000    999.000
    ALCRES4            1.000      0.000    999.000    999.000
    ALCRES5            1.000      0.000    999.000    999.000
    ALCINT             1.000      0.000    999.000    999.000
    ALCSLP             1.000      0.000    999.000    999.000

 Residual Variances
    ALC1               0.000    999.000    999.000    999.000
    ALC2               0.000    999.000    999.000    999.000
    ALC3               0.000    999.000    999.000    999.000
    ALC4               0.000    999.000    999.000    999.000
    ALC5               0.000    999.000    999.000    999.000


STDY Standardization

                                                    Two-Tailed
                    Estimate       S.E.  Est./S.E.    P-Value

 ALCINT   |
    ALC1               0.793      0.042     18.742      0.000
    ALC2               0.698      0.041     16.859      0.000
    ALC3               0.623      0.044     14.222      0.000
    ALC4               0.521      0.041     12.802      0.000
    ALC5               0.413      0.034     12.152      0.000

 ALCSLP   |
    ALC1               0.000      0.000    999.000    999.000
    ALC2               0.349      0.026     13.623      0.000
    ALC3               0.622      0.041     15.249      0.000
    ALC4               0.780      0.044     17.573      0.000
    ALC5               0.825      0.043     19.395      0.000

 ALCRES1  BY
    ALC1               0.609      0.055     11.028      0.000

 ALCRES2  BY
    ALC2               0.699      0.028     24.879      0.000

 ALCRES3  BY
    ALC3               0.616      0.029     21.118      0.000

 ALCRES4  BY
    ALC4               0.532      0.034     15.598      0.000

 ALCRES5  BY
    ALC5               0.535      0.035     15.286      0.000

 ALCINT   WITH
    ALCSLP            -0.200      0.091     -2.193      0.028

 Means
    ALCRES1            0.000      0.000    999.000    999.000
    ALCRES2            0.000      0.000    999.000    999.000
    ALCRES3            0.000      0.000    999.000    999.000
    ALCRES4            0.000      0.000    999.000    999.000
    ALCRES5            0.000      0.000    999.000    999.000
    ALCINT             1.578      0.138     11.412      0.000
    ALCSLP             0.580      0.083      6.967      0.000

 Intercepts
    ALC1               0.000      0.000    999.000    999.000
    ALC2               0.000      0.000    999.000    999.000
    ALC3               0.000      0.000    999.000    999.000
    ALC4               0.000      0.000    999.000    999.000
    ALC5               0.000      0.000    999.000    999.000

 Variances
    ALCRES1            1.000      0.000    999.000    999.000
    ALCRES2            1.000      0.000    999.000    999.000
    ALCRES3            1.000      0.000    999.000    999.000
    ALCRES4            1.000      0.000    999.000    999.000
    ALCRES5            1.000      0.000    999.000    999.000
    ALCINT             1.000      0.000    999.000    999.000
    ALCSLP             1.000      0.000    999.000    999.000

 Residual Variances
    ALC1             999.000    999.000    999.000    999.000
    ALC2             999.000    999.000    999.000    999.000
    ALC3             999.000    999.000    999.000    999.000
    ALC4             999.000    999.000    999.000    999.000
    ALC5             999.000    999.000    999.000    999.000


STD Standardization

                                                    Two-Tailed
                    Estimate       S.E.  Est./S.E.    P-Value

 ALCINT   |
    ALC1               2.159      0.153     14.129      0.000
    ALC2               2.159      0.153     14.129      0.000
    ALC3               2.159      0.153     14.129      0.000
    ALC4               2.159      0.153     14.129      0.000
    ALC5               2.159      0.153     14.129      0.000

 ALCSLP   |
    ALC1               0.000      0.000    999.000    999.000
    ALC2               1.078      0.070     15.408      0.000
    ALC3               2.156      0.140     15.408      0.000
    ALC4               3.235      0.210     15.408      0.000
    ALC5               4.313      0.280     15.408      0.000

 ALCRES1  BY
    ALC1               1.656      0.165     10.065      0.000

 ALCRES2  BY
    ALC2               2.162      0.118     18.380      0.000

 ALCRES3  BY
    ALC3               2.137      0.119     18.011      0.000

 ALCRES4  BY
    ALC4               2.205      0.150     14.698      0.000

 ALCRES5  BY
    ALC5               2.797      0.204     13.695      0.000

 ALCINT   WITH
    ALCSLP            -0.200      0.091     -2.193      0.028

 Means
    ALCRES1            0.000      0.000    999.000    999.000
    ALCRES2            0.000      0.000    999.000    999.000
    ALCRES3            0.000      0.000    999.000    999.000
    ALCRES4            0.000      0.000    999.000    999.000
    ALCRES5            0.000      0.000    999.000    999.000
    ALCINT             1.578      0.138     11.412      0.000
    ALCSLP             0.580      0.083      6.967      0.000

 Intercepts
    ALC1               0.000      0.000    999.000    999.000
    ALC2               0.000      0.000    999.000    999.000
    ALC3               0.000      0.000    999.000    999.000
    ALC4               0.000      0.000    999.000    999.000
    ALC5               0.000      0.000    999.000    999.000

 Variances
    ALCRES1            1.000      0.000    999.000    999.000
    ALCRES2            1.000      0.000    999.000    999.000
    ALCRES3            1.000      0.000    999.000    999.000
    ALCRES4            1.000      0.000    999.000    999.000
    ALCRES5            1.000      0.000    999.000    999.000
    ALCINT             1.000      0.000    999.000    999.000
    ALCSLP             1.000      0.000    999.000    999.000

 Residual Variances
    ALC1             999.000    999.000    999.000    999.000
    ALC2             999.000    999.000    999.000    999.000
    ALC3             999.000    999.000    999.000    999.000
    ALC4             999.000    999.000    999.000    999.000
    ALC5             999.000    999.000    999.000    999.000


R-SQUARE

    Observed                                        Two-Tailed
    Variable        Estimate       S.E.  Est./S.E.    P-Value

    ALC1               1.000    999.000    999.000    999.000
    ALC2               1.000    999.000    999.000    999.000
    ALC3               1.000    999.000    999.000    999.000
    ALC4               1.000    999.000    999.000    999.000
    ALC5               1.000    999.000    999.000    999.000


QUALITY OF NUMERICAL RESULTS

     Condition Number for the Information Matrix              0.231E-01
       (ratio of smallest to largest eigenvalue)


DIAGRAM INFORMATION

  Use View Diagram under the Diagram menu in the Mplus Editor to view the diagram.
  If running Mplus from the Mplus Diagrammer, the diagram opens automatically.

  Diagram output
    c:\projects\current\lcm-sr\m01 uncond lcm-sr for alc without ar.dgm

     Beginning Time:  12:27:40
        Ending Time:  12:27:41
       Elapsed Time:  00:00:01



MUTHEN & MUTHEN
3463 Stoner Ave.
Los Angeles, CA  90066

Tel: (310) 391-9971
Fax: (310) 391-8971
Web: www.StatModel.com
Support: Support@StatModel.com

Copyright (c) 1998-2014 Muthen & Muthen
