Mplus VERSION 7.3
MUTHEN & MUTHEN
03/26/2015  12:28 PM

INPUT INSTRUCTIONS

  ! *********************************************************************************
  ! The following code is used to replicate results presented in
  !
  ! Curran, P.J., Howard, A.L., Bainter, S.A., Lane, S.T., & McGinley, J.S. (2014).
  ! The separation of between-person and within-person components of individual
  ! change over time: A latent curve model with structured residuals.
  ! Journal of Consulting and Clinical Psychology, 82, 879-894.
  !
  ! All data are artificially simulated. Please see article for
  ! complete details about data generation and model fitting.
  !
  ! alc=alcohol, dep=depression, gen=gender (0=female, 1=male)
  ! trt=treatment condition (0=control, 1=treatment).
  !
  ! To stress, ALL DATA ARE ARTIFICIALLY SIMULATED.
  ! *********************************************************************************

  title:
   univariate linear LCM-SR for alcohol use including regressions among the residuals
   presented in the 2nd paragraph of the 1st column on page 889
  data:
   file=currandemo.dat;
  variable:
   names=id gen trt alc1-alc5 dep1-dep5;
   usevar=alc1-alc5;
  analysis:
   estimator=ml;
   model=nocovariances; ! supresses default estimation of certain covs in model;
  model:
   alcint alcslp | alc1@0 alc2@1 alc3@2 alc4@3 alc5@4; ! linear growth in alc;

   alcint with alcslp; ! freeing factor covs because of "nocovariances" option earlier;

   alcres1 by alc1@1; ! create "phantom factors" to define the time-specific residuals;
   alcres2 by alc2@1; ! for the SR-part of model. This is simply a programming trick so;
   alcres3 by alc3@1; ! we can use the residuals as predictor and outcome variables;
   alcres4 by alc4@1;
   alcres5 by alc5@1;

   [alc1-alc5@0]; alc1-alc5@0; ! fixing means & vars of manfiest repeated measures to 0;
   [alcres1-alcres5@0]; alcres1-alcres5; ! estimate variances of residuals;

   alcres2-alcres5 pon alcres1-alcres4 (1); ! estimate & equate AR parameters;

  output:
   standardized;



INPUT READING TERMINATED NORMALLY




univariate linear LCM-SR for alcohol use including regressions among the residuals
presented in the 2nd paragraph of the 1st column on page 889

SUMMARY OF ANALYSIS

Number of groups                                                 1
Number of observations                                         250

Number of dependent variables                                    5
Number of independent variables                                  0
Number of continuous latent variables                            7

Observed dependent variables

  Continuous
   ALC1        ALC2        ALC3        ALC4        ALC5

Continuous latent variables
   ALCRES1     ALCRES2     ALCRES3     ALCRES4     ALCRES5     ALCINT
   ALCSLP


Estimator                                                       ML
Information matrix                                        OBSERVED
Maximum number of iterations                                  1000
Convergence criterion                                    0.500D-04
Maximum number of steepest descent iterations                   20

Input data file(s)
  currandemo.dat

Input data format  FREE



THE MODEL ESTIMATION TERMINATED NORMALLY



MODEL FIT INFORMATION

Number of Free Parameters                       11

Loglikelihood

          H0 Value                       -3130.059
          H1 Value                       -3121.952

Information Criteria

          Akaike (AIC)                    6282.119
          Bayesian (BIC)                  6320.855
          Sample-Size Adjusted BIC        6285.984
            (n* = (n + 2) / 24)

Chi-Square Test of Model Fit

          Value                             16.215
          Degrees of Freedom                     9
          P-Value                           0.0625

RMSEA (Root Mean Square Error Of Approximation)

          Estimate                           0.057
          90 Percent C.I.                    0.000  0.100
          Probability RMSEA <= .05           0.354

CFI/TLI

          CFI                                0.986
          TLI                                0.984

Chi-Square Test of Model Fit for the Baseline Model

          Value                            522.275
          Degrees of Freedom                    10
          P-Value                           0.0000

SRMR (Standardized Root Mean Square Residual)

          Value                              0.041



MODEL RESULTS

                                                    Two-Tailed
                    Estimate       S.E.  Est./S.E.    P-Value

 ALCINT   |
    ALC1               1.000      0.000    999.000    999.000
    ALC2               1.000      0.000    999.000    999.000
    ALC3               1.000      0.000    999.000    999.000
    ALC4               1.000      0.000    999.000    999.000
    ALC5               1.000      0.000    999.000    999.000

 ALCSLP   |
    ALC1               0.000      0.000    999.000    999.000
    ALC2               1.000      0.000    999.000    999.000
    ALC3               2.000      0.000    999.000    999.000
    ALC4               3.000      0.000    999.000    999.000
    ALC5               4.000      0.000    999.000    999.000

 ALCRES1  BY
    ALC1               1.000      0.000    999.000    999.000

 ALCRES2  BY
    ALC2               1.000      0.000    999.000    999.000

 ALCRES3  BY
    ALC3               1.000      0.000    999.000    999.000

 ALCRES4  BY
    ALC4               1.000      0.000    999.000    999.000

 ALCRES5  BY
    ALC5               1.000      0.000    999.000    999.000

 ALCRES2  ON
    ALCRES1            0.067      0.073      0.923      0.356

 ALCRES3  ON
    ALCRES2            0.067      0.073      0.923      0.356

 ALCRES4  ON
    ALCRES3            0.067      0.073      0.923      0.356

 ALCRES5  ON
    ALCRES4            0.067      0.073      0.923      0.356

 ALCINT   WITH
    ALCSLP            -0.416      0.262     -1.588      0.112

 Means
    ALCRES1            0.000      0.000    999.000    999.000
    ALCINT             3.399      0.165     20.542      0.000
    ALCSLP             0.627      0.081      7.761      0.000

 Intercepts
    ALC1               0.000      0.000    999.000    999.000
    ALC2               0.000      0.000    999.000    999.000
    ALC3               0.000      0.000    999.000    999.000
    ALC4               0.000      0.000    999.000    999.000
    ALC5               0.000      0.000    999.000    999.000
    ALCRES2            0.000      0.000    999.000    999.000
    ALCRES3            0.000      0.000    999.000    999.000
    ALCRES4            0.000      0.000    999.000    999.000
    ALCRES5            0.000      0.000    999.000    999.000

 Variances
    ALCRES1            2.882      0.630      4.577      0.000
    ALCINT             4.465      0.732      6.098      0.000
    ALCSLP             1.118      0.161      6.951      0.000

 Residual Variances
    ALC1               0.000      0.000    999.000    999.000
    ALC2               0.000      0.000    999.000    999.000
    ALC3               0.000      0.000    999.000    999.000
    ALC4               0.000      0.000    999.000    999.000
    ALC5               0.000      0.000    999.000    999.000
    ALCRES2            4.885      0.565      8.648      0.000
    ALCRES3            4.779      0.582      8.216      0.000
    ALCRES4            5.251      0.815      6.445      0.000
    ALCRES5            7.874      1.141      6.904      0.000


STANDARDIZED MODEL RESULTS


STDYX Standardization

                                                    Two-Tailed
                    Estimate       S.E.  Est./S.E.    P-Value

 ALCINT   |
    ALC1               0.780      0.052     15.103      0.000
    ALC2               0.680      0.049     13.978      0.000
    ALC3               0.608      0.050     12.139      0.000
    ALC4               0.508      0.046     11.161      0.000
    ALC5               0.407      0.037     11.077      0.000

 ALCSLP   |
    ALC1               0.000      0.000    999.000    999.000
    ALC2               0.340      0.027     12.434      0.000
    ALC3               0.609      0.045     13.567      0.000
    ALC4               0.763      0.050     15.227      0.000
    ALC5               0.815      0.046     17.546      0.000

 ALCRES1  BY
    ALC1               0.626      0.064      9.748      0.000

 ALCRES2  BY
    ALC2               0.712      0.032     22.553      0.000

 ALCRES3  BY
    ALC3               0.631      0.034     18.721      0.000

 ALCRES4  BY
    ALC4               0.552      0.041     13.574      0.000

 ALCRES5  BY
    ALC5               0.542      0.037     14.753      0.000

 ALCRES2  ON
    ALCRES1            0.052      0.057      0.912      0.362

 ALCRES3  ON
    ALCRES2            0.068      0.074      0.925      0.355

 ALCRES4  ON
    ALCRES3            0.064      0.069      0.932      0.351

 ALCRES5  ON
    ALCRES4            0.055      0.062      0.889      0.374

 ALCINT   WITH
    ALCSLP            -0.186      0.101     -1.842      0.065

 Means
    ALCRES1            0.000      0.000    999.000    999.000
    ALCINT             1.609      0.156     10.307      0.000
    ALCSLP             0.593      0.087      6.823      0.000

 Intercepts
    ALC1               0.000      0.000    999.000    999.000
    ALC2               0.000      0.000    999.000    999.000
    ALC3               0.000      0.000    999.000    999.000
    ALC4               0.000      0.000    999.000    999.000
    ALC5               0.000      0.000    999.000    999.000
    ALCRES2            0.000      0.000    999.000    999.000
    ALCRES3            0.000      0.000    999.000    999.000
    ALCRES4            0.000      0.000    999.000    999.000
    ALCRES5            0.000      0.000    999.000    999.000

 Variances
    ALCRES1            1.000      0.000    999.000    999.000
    ALCINT             1.000      0.000    999.000    999.000
    ALCSLP             1.000      0.000    999.000    999.000

 Residual Variances
    ALC1               0.000    999.000    999.000    999.000
    ALC2               0.000    999.000    999.000    999.000
    ALC3               0.000    999.000    999.000    999.000
    ALC4               0.000    999.000    999.000    999.000
    ALC5               0.000    999.000    999.000    999.000
    ALCRES2            0.997      0.006    169.874      0.000
    ALCRES3            0.995      0.010     99.095      0.000
    ALCRES4            0.996      0.009    111.945      0.000
    ALCRES5            0.997      0.007    145.753      0.000


STDY Standardization

                                                    Two-Tailed
                    Estimate       S.E.  Est./S.E.    P-Value

 ALCINT   |
    ALC1               0.780      0.052     15.103      0.000
    ALC2               0.680      0.049     13.978      0.000
    ALC3               0.608      0.050     12.139      0.000
    ALC4               0.508      0.046     11.161      0.000
    ALC5               0.407      0.037     11.077      0.000

 ALCSLP   |
    ALC1               0.000      0.000    999.000    999.000
    ALC2               0.340      0.027     12.434      0.000
    ALC3               0.609      0.045     13.567      0.000
    ALC4               0.763      0.050     15.227      0.000
    ALC5               0.815      0.046     17.546      0.000

 ALCRES1  BY
    ALC1               0.626      0.064      9.748      0.000

 ALCRES2  BY
    ALC2               0.712      0.032     22.553      0.000

 ALCRES3  BY
    ALC3               0.631      0.034     18.721      0.000

 ALCRES4  BY
    ALC4               0.552      0.041     13.574      0.000

 ALCRES5  BY
    ALC5               0.542      0.037     14.753      0.000

 ALCRES2  ON
    ALCRES1            0.052      0.057      0.912      0.362

 ALCRES3  ON
    ALCRES2            0.068      0.074      0.925      0.355

 ALCRES4  ON
    ALCRES3            0.064      0.069      0.932      0.351

 ALCRES5  ON
    ALCRES4            0.055      0.062      0.889      0.374

 ALCINT   WITH
    ALCSLP            -0.186      0.101     -1.842      0.065

 Means
    ALCRES1            0.000      0.000    999.000    999.000
    ALCINT             1.609      0.156     10.307      0.000
    ALCSLP             0.593      0.087      6.823      0.000

 Intercepts
    ALC1               0.000      0.000    999.000    999.000
    ALC2               0.000      0.000    999.000    999.000
    ALC3               0.000      0.000    999.000    999.000
    ALC4               0.000      0.000    999.000    999.000
    ALC5               0.000      0.000    999.000    999.000
    ALCRES2            0.000      0.000    999.000    999.000
    ALCRES3            0.000      0.000    999.000    999.000
    ALCRES4            0.000      0.000    999.000    999.000
    ALCRES5            0.000      0.000    999.000    999.000

 Variances
    ALCRES1            1.000      0.000    999.000    999.000
    ALCINT             1.000      0.000    999.000    999.000
    ALCSLP             1.000      0.000    999.000    999.000

 Residual Variances
    ALC1             999.000    999.000    999.000    999.000
    ALC2             999.000    999.000    999.000    999.000
    ALC3             999.000    999.000    999.000    999.000
    ALC4             999.000    999.000    999.000    999.000
    ALC5             999.000    999.000    999.000    999.000
    ALCRES2            0.997      0.006    169.874      0.000
    ALCRES3            0.995      0.010     99.095      0.000
    ALCRES4            0.996      0.009    111.945      0.000
    ALCRES5            0.997      0.007    145.753      0.000


STD Standardization

                                                    Two-Tailed
                    Estimate       S.E.  Est./S.E.    P-Value

 ALCINT   |
    ALC1               2.113      0.173     12.197      0.000
    ALC2               2.113      0.173     12.197      0.000
    ALC3               2.113      0.173     12.197      0.000
    ALC4               2.113      0.173     12.197      0.000
    ALC5               2.113      0.173     12.197      0.000

 ALCSLP   |
    ALC1               0.000      0.000    999.000    999.000
    ALC2               1.058      0.076     13.902      0.000
    ALC3               2.115      0.152     13.902      0.000
    ALC4               3.173      0.228     13.902      0.000
    ALC5               4.230      0.304     13.902      0.000

 ALCRES1  BY
    ALC1               1.698      0.185      9.155      0.000

 ALCRES2  BY
    ALC2               2.213      0.130     16.986      0.000

 ALCRES3  BY
    ALC3               2.191      0.138     15.889      0.000

 ALCRES4  BY
    ALC4               2.296      0.183     12.532      0.000

 ALCRES5  BY
    ALC5               2.810      0.204     13.790      0.000

 ALCRES2  ON
    ALCRES1            0.052      0.057      0.912      0.362

 ALCRES3  ON
    ALCRES2            0.068      0.074      0.925      0.355

 ALCRES4  ON
    ALCRES3            0.064      0.069      0.932      0.351

 ALCRES5  ON
    ALCRES4            0.055      0.062      0.889      0.374

 ALCINT   WITH
    ALCSLP            -0.186      0.101     -1.842      0.065

 Means
    ALCRES1            0.000      0.000    999.000    999.000
    ALCINT             1.609      0.156     10.307      0.000
    ALCSLP             0.593      0.087      6.823      0.000

 Intercepts
    ALC1               0.000      0.000    999.000    999.000
    ALC2               0.000      0.000    999.000    999.000
    ALC3               0.000      0.000    999.000    999.000
    ALC4               0.000      0.000    999.000    999.000
    ALC5               0.000      0.000    999.000    999.000
    ALCRES2            0.000      0.000    999.000    999.000
    ALCRES3            0.000      0.000    999.000    999.000
    ALCRES4            0.000      0.000    999.000    999.000
    ALCRES5            0.000      0.000    999.000    999.000

 Variances
    ALCRES1            1.000      0.000    999.000    999.000
    ALCINT             1.000      0.000    999.000    999.000
    ALCSLP             1.000      0.000    999.000    999.000

 Residual Variances
    ALC1             999.000    999.000    999.000    999.000
    ALC2             999.000    999.000    999.000    999.000
    ALC3             999.000    999.000    999.000    999.000
    ALC4             999.000    999.000    999.000    999.000
    ALC5             999.000    999.000    999.000    999.000
    ALCRES2            0.997      0.006    169.874      0.000
    ALCRES3            0.995      0.010     99.095      0.000
    ALCRES4            0.996      0.009    111.945      0.000
    ALCRES5            0.997      0.007    145.753      0.000


R-SQUARE

    Observed                                        Two-Tailed
    Variable        Estimate       S.E.  Est./S.E.    P-Value

    ALC1               1.000    999.000    999.000    999.000
    ALC2               1.000    999.000    999.000    999.000
    ALC3               1.000    999.000    999.000    999.000
    ALC4               1.000    999.000    999.000    999.000
    ALC5               1.000    999.000    999.000    999.000

     Latent                                         Two-Tailed
    Variable        Estimate       S.E.  Est./S.E.    P-Value

    ALCRES2            0.003      0.006      0.456      0.648
    ALCRES3            0.005      0.010      0.462      0.644
    ALCRES4            0.004      0.009      0.466      0.641
    ALCRES5            0.003      0.007      0.444      0.657


QUALITY OF NUMERICAL RESULTS

     Condition Number for the Information Matrix              0.873E-02
       (ratio of smallest to largest eigenvalue)


DIAGRAM INFORMATION

  Use View Diagram under the Diagram menu in the Mplus Editor to view the diagram.
  If running Mplus from the Mplus Diagrammer, the diagram opens automatically.

  Diagram output
    c:\projects\current\lcm-sr\m02 uncond lcm-sr for alc with ar.dgm

     Beginning Time:  12:28:24
        Ending Time:  12:28:24
       Elapsed Time:  00:00:00



MUTHEN & MUTHEN
3463 Stoner Ave.
Los Angeles, CA  90066

Tel: (310) 391-9971
Fax: (310) 391-8971
Web: www.StatModel.com
Support: Support@StatModel.com

Copyright (c) 1998-2014 Muthen & Muthen
