Mplus VERSION 7.3
MUTHEN & MUTHEN
03/26/2015  12:29 PM

INPUT INSTRUCTIONS

  ! *********************************************************************************
  ! The following code is used to replicate results presented in
  !
  ! Curran, P.J., Howard, A.L., Bainter, S.A., Lane, S.T., & McGinley, J.S. (2014).
  ! The separation of between-person and within-person components of individual
  ! change over time: A latent curve model with structured residuals.
  ! Journal of Consulting and Clinical Psychology, 82, 879-894.
  !
  ! All data are artificially simulated. Please see article for
  ! complete details about data generation and model fitting.
  !
  ! alc=alcohol, dep=depression, gen=gender (0=female, 1=male)
  ! trt=treatment condition (0=control, 1=treatment).
  !
  ! To stress, ALL DATA ARE ARTIFICIALLY SIMULATED.
  ! *********************************************************************************

  title:
   univariate intercept-only LCM-SR for depression NOT including regressions among residuals
   presented in the 1st full paragraph of the 2nd column on page 889
   this model has phantom variables defined but are not needed here. this only sets up
   the ability to estimate regressions among the residuals in later models
  data:
   file=currandemo.dat;
  variable:
   names=id gen trt alc1-alc5 dep1-dep5;
   usevar=dep1-dep5;
  analysis:
   estimator=ml;
   model=nocovariances; ! supresses default estimation of certain covs in model;
  model:
   depint        | dep1@1 dep2@1 dep3@1 dep4@1 dep5@1; ! intercept-only in dep;

   depres1 by dep1@1; ! create "phantom factors" to define the time-specific residuals;
   depres2 by dep2@1; ! for the SR-part of model. This is simply a programming trick so;
   depres3 by dep3@1; ! we can use the residuals as predictor and outcome variables;
   depres4 by dep4@1; ! these are not necessary in this model but allow for more;
   depres5 by dep5@1; ! complex models later;

   [dep1-dep5@0]; dep1-dep5@0; ! fixing means & vars of manfiest repeated measures to 0;
   [depres1-depres5@0];        ! fixing mean of resids to zero for identification;
    depres1-depres5;           ! estimating variances of residuals;

  output:
   standardized;



INPUT READING TERMINATED NORMALLY




univariate intercept-only LCM-SR for depression NOT including regressions among residuals
presented in the 1st full paragraph of the 2nd column on page 889
this model has phantom variables defined but are not needed here. this only sets up
the ability to estimate regressions among the residuals in later models

SUMMARY OF ANALYSIS

Number of groups                                                 1
Number of observations                                         250

Number of dependent variables                                    5
Number of independent variables                                  0
Number of continuous latent variables                            6

Observed dependent variables

  Continuous
   DEP1        DEP2        DEP3        DEP4        DEP5

Continuous latent variables
   DEPRES1     DEPRES2     DEPRES3     DEPRES4     DEPRES5     DEPINT


Estimator                                                       ML
Information matrix                                        OBSERVED
Maximum number of iterations                                  1000
Convergence criterion                                    0.500D-04
Maximum number of steepest descent iterations                   20

Input data file(s)
  currandemo.dat

Input data format  FREE



THE MODEL ESTIMATION TERMINATED NORMALLY



MODEL FIT INFORMATION

Number of Free Parameters                        7

Loglikelihood

          H0 Value                       -2607.557
          H1 Value                       -2595.823

Information Criteria

          Akaike (AIC)                    5229.114
          Bayesian (BIC)                  5253.764
          Sample-Size Adjusted BIC        5231.573
            (n* = (n + 2) / 24)

Chi-Square Test of Model Fit

          Value                             23.468
          Degrees of Freedom                    13
          P-Value                           0.0364

RMSEA (Root Mean Square Error Of Approximation)

          Estimate                           0.057
          90 Percent C.I.                    0.014  0.093
          Probability RMSEA <= .05           0.342

CFI/TLI

          CFI                                0.962
          TLI                                0.971

Chi-Square Test of Model Fit for the Baseline Model

          Value                            288.463
          Degrees of Freedom                    10
          P-Value                           0.0000

SRMR (Standardized Root Mean Square Residual)

          Value                              0.054



MODEL RESULTS

                                                    Two-Tailed
                    Estimate       S.E.  Est./S.E.    P-Value

 DEPINT   |
    DEP1               1.000      0.000    999.000    999.000
    DEP2               1.000      0.000    999.000    999.000
    DEP3               1.000      0.000    999.000    999.000
    DEP4               1.000      0.000    999.000    999.000
    DEP5               1.000      0.000    999.000    999.000

 DEPRES1  BY
    DEP1               1.000      0.000    999.000    999.000

 DEPRES2  BY
    DEP2               1.000      0.000    999.000    999.000

 DEPRES3  BY
    DEP3               1.000      0.000    999.000    999.000

 DEPRES4  BY
    DEP4               1.000      0.000    999.000    999.000

 DEPRES5  BY
    DEP5               1.000      0.000    999.000    999.000

 Means
    DEPRES1            0.000      0.000    999.000    999.000
    DEPRES2            0.000      0.000    999.000    999.000
    DEPRES3            0.000      0.000    999.000    999.000
    DEPRES4            0.000      0.000    999.000    999.000
    DEPRES5            0.000      0.000    999.000    999.000
    DEPINT             0.984      0.098     10.072      0.000

 Intercepts
    DEP1               0.000      0.000    999.000    999.000
    DEP2               0.000      0.000    999.000    999.000
    DEP3               0.000      0.000    999.000    999.000
    DEP4               0.000      0.000    999.000    999.000
    DEP5               0.000      0.000    999.000    999.000

 Variances
    DEPRES1            2.435      0.265      9.183      0.000
    DEPRES2            2.737      0.290      9.423      0.000
    DEPRES3            1.940      0.224      8.675      0.000
    DEPRES4            3.421      0.351      9.742      0.000
    DEPRES5            4.105      0.411      9.993      0.000
    DEPINT             1.831      0.214      8.549      0.000

 Residual Variances
    DEP1               0.000      0.000    999.000    999.000
    DEP2               0.000      0.000    999.000    999.000
    DEP3               0.000      0.000    999.000    999.000
    DEP4               0.000      0.000    999.000    999.000
    DEP5               0.000      0.000    999.000    999.000


STANDARDIZED MODEL RESULTS


STDYX Standardization

                                                    Two-Tailed
                    Estimate       S.E.  Est./S.E.    P-Value

 DEPINT   |
    DEP1               0.655      0.030     21.581      0.000
    DEP2               0.633      0.031     20.590      0.000
    DEP3               0.697      0.030     23.258      0.000
    DEP4               0.591      0.031     19.084      0.000
    DEP5               0.555      0.030     18.356      0.000

 DEPRES1  BY
    DEP1               0.755      0.026     28.699      0.000

 DEPRES2  BY
    DEP2               0.774      0.025     30.765      0.000

 DEPRES3  BY
    DEP3               0.717      0.029     24.631      0.000

 DEPRES4  BY
    DEP4               0.807      0.023     35.645      0.000

 DEPRES5  BY
    DEP5               0.832      0.020     41.147      0.000

 Means
    DEPRES1            0.000      0.000    999.000    999.000
    DEPRES2            0.000      0.000    999.000    999.000
    DEPRES3            0.000      0.000    999.000    999.000
    DEPRES4            0.000      0.000    999.000    999.000
    DEPRES5            0.000      0.000    999.000    999.000
    DEPINT             0.727      0.084      8.673      0.000

 Intercepts
    DEP1               0.000      0.000    999.000    999.000
    DEP2               0.000      0.000    999.000    999.000
    DEP3               0.000      0.000    999.000    999.000
    DEP4               0.000      0.000    999.000    999.000
    DEP5               0.000      0.000    999.000    999.000

 Variances
    DEPRES1            1.000      0.000    999.000    999.000
    DEPRES2            1.000      0.000    999.000    999.000
    DEPRES3            1.000      0.000    999.000    999.000
    DEPRES4            1.000      0.000    999.000    999.000
    DEPRES5            1.000      0.000    999.000    999.000
    DEPINT             1.000      0.000    999.000    999.000

 Residual Variances
    DEP1               0.000    999.000    999.000    999.000
    DEP2               0.000    999.000    999.000    999.000
    DEP3               0.000    999.000    999.000    999.000
    DEP4               0.000    999.000    999.000    999.000
    DEP5               0.000    999.000    999.000    999.000


STDY Standardization

                                                    Two-Tailed
                    Estimate       S.E.  Est./S.E.    P-Value

 DEPINT   |
    DEP1               0.655      0.030     21.581      0.000
    DEP2               0.633      0.031     20.590      0.000
    DEP3               0.697      0.030     23.258      0.000
    DEP4               0.591      0.031     19.084      0.000
    DEP5               0.555      0.030     18.356      0.000

 DEPRES1  BY
    DEP1               0.755      0.026     28.699      0.000

 DEPRES2  BY
    DEP2               0.774      0.025     30.765      0.000

 DEPRES3  BY
    DEP3               0.717      0.029     24.631      0.000

 DEPRES4  BY
    DEP4               0.807      0.023     35.645      0.000

 DEPRES5  BY
    DEP5               0.832      0.020     41.147      0.000

 Means
    DEPRES1            0.000      0.000    999.000    999.000
    DEPRES2            0.000      0.000    999.000    999.000
    DEPRES3            0.000      0.000    999.000    999.000
    DEPRES4            0.000      0.000    999.000    999.000
    DEPRES5            0.000      0.000    999.000    999.000
    DEPINT             0.727      0.084      8.673      0.000

 Intercepts
    DEP1               0.000      0.000    999.000    999.000
    DEP2               0.000      0.000    999.000    999.000
    DEP3               0.000      0.000    999.000    999.000
    DEP4               0.000      0.000    999.000    999.000
    DEP5               0.000      0.000    999.000    999.000

 Variances
    DEPRES1            1.000      0.000    999.000    999.000
    DEPRES2            1.000      0.000    999.000    999.000
    DEPRES3            1.000      0.000    999.000    999.000
    DEPRES4            1.000      0.000    999.000    999.000
    DEPRES5            1.000      0.000    999.000    999.000
    DEPINT             1.000      0.000    999.000    999.000

 Residual Variances
    DEP1             999.000    999.000    999.000    999.000
    DEP2             999.000    999.000    999.000    999.000
    DEP3             999.000    999.000    999.000    999.000
    DEP4             999.000    999.000    999.000    999.000
    DEP5             999.000    999.000    999.000    999.000


STD Standardization

                                                    Two-Tailed
                    Estimate       S.E.  Est./S.E.    P-Value

 DEPINT   |
    DEP1               1.353      0.079     17.098      0.000
    DEP2               1.353      0.079     17.098      0.000
    DEP3               1.353      0.079     17.098      0.000
    DEP4               1.353      0.079     17.098      0.000
    DEP5               1.353      0.079     17.098      0.000

 DEPRES1  BY
    DEP1               1.561      0.085     18.366      0.000

 DEPRES2  BY
    DEP2               1.654      0.088     18.846      0.000

 DEPRES3  BY
    DEP3               1.393      0.080     17.350      0.000

 DEPRES4  BY
    DEP4               1.850      0.095     19.484      0.000

 DEPRES5  BY
    DEP5               2.026      0.101     19.987      0.000

 Means
    DEPRES1            0.000      0.000    999.000    999.000
    DEPRES2            0.000      0.000    999.000    999.000
    DEPRES3            0.000      0.000    999.000    999.000
    DEPRES4            0.000      0.000    999.000    999.000
    DEPRES5            0.000      0.000    999.000    999.000
    DEPINT             0.727      0.084      8.673      0.000

 Intercepts
    DEP1               0.000      0.000    999.000    999.000
    DEP2               0.000      0.000    999.000    999.000
    DEP3               0.000      0.000    999.000    999.000
    DEP4               0.000      0.000    999.000    999.000
    DEP5               0.000      0.000    999.000    999.000

 Variances
    DEPRES1            1.000      0.000    999.000    999.000
    DEPRES2            1.000      0.000    999.000    999.000
    DEPRES3            1.000      0.000    999.000    999.000
    DEPRES4            1.000      0.000    999.000    999.000
    DEPRES5            1.000      0.000    999.000    999.000
    DEPINT             1.000      0.000    999.000    999.000

 Residual Variances
    DEP1             999.000    999.000    999.000    999.000
    DEP2             999.000    999.000    999.000    999.000
    DEP3             999.000    999.000    999.000    999.000
    DEP4             999.000    999.000    999.000    999.000
    DEP5             999.000    999.000    999.000    999.000


R-SQUARE

    Observed                                        Two-Tailed
    Variable        Estimate       S.E.  Est./S.E.    P-Value

    DEP1               1.000    999.000    999.000    999.000
    DEP2               1.000    999.000    999.000    999.000
    DEP3               1.000    999.000    999.000    999.000
    DEP4               1.000    999.000    999.000    999.000
    DEP5               1.000    999.000    999.000    999.000


QUALITY OF NUMERICAL RESULTS

     Condition Number for the Information Matrix              0.175E+00
       (ratio of smallest to largest eigenvalue)


DIAGRAM INFORMATION

  Use View Diagram under the Diagram menu in the Mplus Editor to view the diagram.
  If running Mplus from the Mplus Diagrammer, the diagram opens automatically.

  Diagram output
    c:\projects\current\lcm-sr\m03 uncond lcm-sr for dep without ar.dgm

     Beginning Time:  12:29:06
        Ending Time:  12:29:06
       Elapsed Time:  00:00:00



MUTHEN & MUTHEN
3463 Stoner Ave.
Los Angeles, CA  90066

Tel: (310) 391-9971
Fax: (310) 391-8971
Web: www.StatModel.com
Support: Support@StatModel.com

Copyright (c) 1998-2014 Muthen & Muthen
