Mplus VERSION 7.3
MUTHEN & MUTHEN
03/26/2015  12:30 PM

INPUT INSTRUCTIONS

  ! *********************************************************************************
  ! The following code is used to replicate results presented in
  !
  ! Curran, P.J., Howard, A.L., Bainter, S.A., Lane, S.T., & McGinley, J.S. (2014).
  ! The separation of between-person and within-person components of individual
  ! change over time: A latent curve model with structured residuals.
  ! Journal of Consulting and Clinical Psychology, 82, 879-894.
  !
  ! All data are artificially simulated. Please see article for
  ! complete details about data generation and model fitting.
  !
  ! alc=alcohol, dep=depression, gen=gender (0=female, 1=male)
  ! trt=treatment condition (0=control, 1=treatment).
  !
  ! To stress, ALL DATA ARE ARTIFICIALLY SIMULATED.
  ! *********************************************************************************

  title:
   bivariate LCM-SR for alcohol use and depression that includes within-construct
   residual auto-regressions but not across-construct time-lagged residual regressions.
   presented in the 1st full paragraph of the 1st column on page 890
  data:
   file=currandemo.dat;
  variable:
   names=id gen trt alc1-alc5 dep1-dep5;
   usevar=alc1-alc5 dep1-dep5;
  analysis:
   estimator=ml;
   model=nocovariances; ! supresses default estimation of certain covs in model;
  model:
   alcint alcslp | alc1@0 alc2@1 alc3@2 alc4@3 alc5@4; ! linear growth in alc;
   depint        | dep1@1 dep2@1 dep3@1 dep4@1 dep5@1; ! intercept-only in dep;

   alcint with alcslp; ! freeing factor covs because of "nocovariances" option earlier;
   alcint with depint;
   alcslp with depint;

   alcres1 by alc1@1; ! create "phantom factors" to define the time-specific residuals;
   alcres2 by alc2@1; ! for the SR-part of model. This is simply a programming trick so;
   alcres3 by alc3@1; ! we can use the residuals as predictor and outcome variables;
   alcres4 by alc4@1;
   alcres5 by alc5@1;

   depres1 by dep1@1;
   depres2 by dep2@1;
   depres3 by dep3@1;
   depres4 by dep4@1;
   depres5 by dep5@1;

   [alc1-alc5@0]; alc1-alc5@0; ! fixing means & vars of manfiest repeated measures to 0;
   [dep1-dep5@0]; dep1-dep5@0;

   [alcres1-alcres5@0]; alcres1-alcres5; ! estimate variances of residuals but;
   [depres1-depres5@0]; depres1-depres5; ! keeping means fixed to 0 for identification;

   alcres2-alcres5 pon alcres1-alcres4 (1); ! estimate and equate stability parameters;
   depres2-depres5 pon depres1-depres4 (2); ! within each construct;

   alcres1 with depres1;                       ! estimate t1 cov between alc & dep resid;
   alcres2-alcres5 pwith depres2-depres5 (3);  ! estimate other cov's & equate over time;
  output:
   standardized;



INPUT READING TERMINATED NORMALLY




bivariate LCM-SR for alcohol use and depression that includes within-construct
residual auto-regressions but not across-construct time-lagged residual regressions.
presented in the 1st full paragraph of the 1st column on page 890

SUMMARY OF ANALYSIS

Number of groups                                                 1
Number of observations                                         250

Number of dependent variables                                   10
Number of independent variables                                  0
Number of continuous latent variables                           13

Observed dependent variables

  Continuous
   ALC1        ALC2        ALC3        ALC4        ALC5        DEP1
   DEP2        DEP3        DEP4        DEP5

Continuous latent variables
   ALCRES1     ALCRES2     ALCRES3     ALCRES4     ALCRES5     DEPRES1
   DEPRES2     DEPRES3     DEPRES4     DEPRES5     ALCINT      ALCSLP
   DEPINT


Estimator                                                       ML
Information matrix                                        OBSERVED
Maximum number of iterations                                  1000
Convergence criterion                                    0.500D-04
Maximum number of steepest descent iterations                   20

Input data file(s)
  currandemo.dat

Input data format  FREE



THE MODEL ESTIMATION TERMINATED NORMALLY



MODEL FIT INFORMATION

Number of Free Parameters                       23

Loglikelihood

          H0 Value                       -5734.856
          H1 Value                       -5649.807

Information Criteria

          Akaike (AIC)                   11515.712
          Bayesian (BIC)                 11596.706
          Sample-Size Adjusted BIC       11523.794
            (n* = (n + 2) / 24)

Chi-Square Test of Model Fit

          Value                            170.097
          Degrees of Freedom                    42
          P-Value                           0.0000

RMSEA (Root Mean Square Error Of Approximation)

          Estimate                           0.110
          90 Percent C.I.                    0.093  0.128
          Probability RMSEA <= .05           0.000

CFI/TLI

          CFI                                0.858
          TLI                                0.848

Chi-Square Test of Model Fit for the Baseline Model

          Value                            946.672
          Degrees of Freedom                    45
          P-Value                           0.0000

SRMR (Standardized Root Mean Square Residual)

          Value                              0.062



MODEL RESULTS

                                                    Two-Tailed
                    Estimate       S.E.  Est./S.E.    P-Value

 ALCINT   |
    ALC1               1.000      0.000    999.000    999.000
    ALC2               1.000      0.000    999.000    999.000
    ALC3               1.000      0.000    999.000    999.000
    ALC4               1.000      0.000    999.000    999.000
    ALC5               1.000      0.000    999.000    999.000

 ALCSLP   |
    ALC1               0.000      0.000    999.000    999.000
    ALC2               1.000      0.000    999.000    999.000
    ALC3               2.000      0.000    999.000    999.000
    ALC4               3.000      0.000    999.000    999.000
    ALC5               4.000      0.000    999.000    999.000

 DEPINT   |
    DEP1               1.000      0.000    999.000    999.000
    DEP2               1.000      0.000    999.000    999.000
    DEP3               1.000      0.000    999.000    999.000
    DEP4               1.000      0.000    999.000    999.000
    DEP5               1.000      0.000    999.000    999.000

 ALCRES1  BY
    ALC1               1.000      0.000    999.000    999.000

 ALCRES2  BY
    ALC2               1.000      0.000    999.000    999.000

 ALCRES3  BY
    ALC3               1.000      0.000    999.000    999.000

 ALCRES4  BY
    ALC4               1.000      0.000    999.000    999.000

 ALCRES5  BY
    ALC5               1.000      0.000    999.000    999.000

 DEPRES1  BY
    DEP1               1.000      0.000    999.000    999.000

 DEPRES2  BY
    DEP2               1.000      0.000    999.000    999.000

 DEPRES3  BY
    DEP3               1.000      0.000    999.000    999.000

 DEPRES4  BY
    DEP4               1.000      0.000    999.000    999.000

 DEPRES5  BY
    DEP5               1.000      0.000    999.000    999.000

 ALCRES2  ON
    ALCRES1            0.070      0.072      0.967      0.333

 ALCRES3  ON
    ALCRES2            0.070      0.072      0.967      0.333

 ALCRES4  ON
    ALCRES3            0.070      0.072      0.967      0.333

 ALCRES5  ON
    ALCRES4            0.070      0.072      0.967      0.333

 DEPRES2  ON
    DEPRES1            0.064      0.049      1.311      0.190

 DEPRES3  ON
    DEPRES2            0.064      0.049      1.311      0.190

 DEPRES4  ON
    DEPRES3            0.064      0.049      1.311      0.190

 DEPRES5  ON
    DEPRES4            0.064      0.049      1.311      0.190

 ALCINT   WITH
    ALCSLP            -0.403      0.261     -1.544      0.122
    DEPINT             0.342      0.260      1.312      0.189

 ALCSLP   WITH
    DEPINT            -0.033      0.127     -0.262      0.793

 ALCRES1  WITH
    DEPRES1            0.293      0.269      1.090      0.276

 ALCRES2  WITH
    DEPRES2           -0.055      0.153     -0.356      0.722

 ALCRES3  WITH
    DEPRES3           -0.055      0.153     -0.356      0.722

 ALCRES4  WITH
    DEPRES4           -0.055      0.153     -0.356      0.722

 ALCRES5  WITH
    DEPRES5           -0.055      0.153     -0.356      0.722

 Means
    ALCRES1            0.000      0.000    999.000    999.000
    DEPRES1            0.000      0.000    999.000    999.000
    ALCINT             3.393      0.166     20.455      0.000
    ALCSLP             0.629      0.081      7.791      0.000
    DEPINT             0.993      0.098     10.130      0.000

 Intercepts
    ALC1               0.000      0.000    999.000    999.000
    ALC2               0.000      0.000    999.000    999.000
    ALC3               0.000      0.000    999.000    999.000
    ALC4               0.000      0.000    999.000    999.000
    ALC5               0.000      0.000    999.000    999.000
    DEP1               0.000      0.000    999.000    999.000
    DEP2               0.000      0.000    999.000    999.000
    DEP3               0.000      0.000    999.000    999.000
    DEP4               0.000      0.000    999.000    999.000
    DEP5               0.000      0.000    999.000    999.000
    ALCRES2            0.000      0.000    999.000    999.000
    ALCRES3            0.000      0.000    999.000    999.000
    ALCRES4            0.000      0.000    999.000    999.000
    ALCRES5            0.000      0.000    999.000    999.000
    DEPRES2            0.000      0.000    999.000    999.000
    DEPRES3            0.000      0.000    999.000    999.000
    DEPRES4            0.000      0.000    999.000    999.000
    DEPRES5            0.000      0.000    999.000    999.000

 Variances
    ALCRES1            2.933      0.636      4.610      0.000
    DEPRES1            2.467      0.274      9.007      0.000
    ALCINT             4.460      0.732      6.089      0.000
    ALCSLP             1.111      0.160      6.938      0.000
    DEPINT             1.765      0.223      7.897      0.000

 Residual Variances
    ALC1               0.000      0.000    999.000    999.000
    ALC2               0.000      0.000    999.000    999.000
    ALC3               0.000      0.000    999.000    999.000
    ALC4               0.000      0.000    999.000    999.000
    ALC5               0.000      0.000    999.000    999.000
    DEP1               0.000      0.000    999.000    999.000
    DEP2               0.000      0.000    999.000    999.000
    DEP3               0.000      0.000    999.000    999.000
    DEP4               0.000      0.000    999.000    999.000
    DEP5               0.000      0.000    999.000    999.000
    ALCRES2            4.945      0.574      8.614      0.000
    ALCRES3            4.736      0.577      8.211      0.000
    ALCRES4            5.240      0.808      6.488      0.000
    ALCRES5            7.831      1.138      6.879      0.000
    DEPRES2            2.850      0.316      9.033      0.000
    DEPRES3            2.001      0.234      8.550      0.000
    DEPRES4            3.548      0.372      9.534      0.000
    DEPRES5            4.083      0.408     10.004      0.000


STANDARDIZED MODEL RESULTS


STDYX Standardization

                                                    Two-Tailed
                    Estimate       S.E.  Est./S.E.    P-Value

 ALCINT   |
    ALC1               0.777      0.052     15.009      0.000
    ALC2               0.677      0.048     14.008      0.000
    ALC3               0.608      0.050     12.130      0.000
    ALC4               0.508      0.045     11.164      0.000
    ALC5               0.407      0.037     11.036      0.000

 ALCSLP   |
    ALC1               0.000      0.000    999.000    999.000
    ALC2               0.338      0.027     12.400      0.000
    ALC3               0.607      0.045     13.563      0.000
    ALC4               0.760      0.050     15.237      0.000
    ALC5               0.813      0.047     17.399      0.000

 DEPINT   |
    DEP1               0.646      0.033     19.713      0.000
    DEP2               0.618      0.035     17.902      0.000
    DEP3               0.683      0.034     20.347      0.000
    DEP4               0.576      0.034     16.995      0.000
    DEP5               0.549      0.032     17.222      0.000

 ALCRES1  BY
    ALC1               0.630      0.064      9.870      0.000

 ALCRES2  BY
    ALC2               0.714      0.031     22.779      0.000

 ALCRES3  BY
    ALC3               0.628      0.034     18.640      0.000

 ALCRES4  BY
    ALC4               0.551      0.040     13.655      0.000

 ALCRES5  BY
    ALC5               0.541      0.037     14.667      0.000

 DEPRES1  BY
    DEP1               0.764      0.028     27.557      0.000

 DEPRES2  BY
    DEP2               0.786      0.027     29.017      0.000

 DEPRES3  BY
    DEP3               0.730      0.031     23.214      0.000

 DEPRES4  BY
    DEP4               0.818      0.024     34.249      0.000

 DEPRES5  BY
    DEP5               0.836      0.021     39.990      0.000

 ALCRES2  ON
    ALCRES1            0.054      0.056      0.957      0.339

 ALCRES3  ON
    ALCRES2            0.072      0.074      0.970      0.332

 ALCRES4  ON
    ALCRES3            0.067      0.068      0.976      0.329

 ALCRES5  ON
    ALCRES4            0.057      0.062      0.932      0.352

 DEPRES2  ON
    DEPRES1            0.060      0.045      1.333      0.182

 DEPRES3  ON
    DEPRES2            0.076      0.059      1.303      0.192

 DEPRES4  ON
    DEPRES3            0.048      0.037      1.296      0.195

 DEPRES5  ON
    DEPRES4            0.060      0.046      1.284      0.199

 ALCINT   WITH
    ALCSLP            -0.181      0.102     -1.784      0.074
    DEPINT             0.122      0.092      1.326      0.185

 ALCSLP   WITH
    DEPINT            -0.024      0.090     -0.262      0.793

 ALCRES1  WITH
    DEPRES1            0.109      0.099      1.098      0.272

 ALCRES2  WITH
    DEPRES2           -0.015      0.041     -0.358      0.720

 ALCRES3  WITH
    DEPRES3           -0.018      0.050     -0.357      0.721

 ALCRES4  WITH
    DEPRES4           -0.013      0.036     -0.356      0.722

 ALCRES5  WITH
    DEPRES5           -0.010      0.027     -0.356      0.722

 Means
    ALCRES1            0.000      0.000    999.000    999.000
    DEPRES1            0.000      0.000    999.000    999.000
    ALCINT             1.607      0.156     10.275      0.000
    ALCSLP             0.597      0.087      6.838      0.000
    DEPINT             0.747      0.088      8.479      0.000

 Intercepts
    ALC1               0.000      0.000    999.000    999.000
    ALC2               0.000      0.000    999.000    999.000
    ALC3               0.000      0.000    999.000    999.000
    ALC4               0.000      0.000    999.000    999.000
    ALC5               0.000      0.000    999.000    999.000
    DEP1               0.000      0.000    999.000    999.000
    DEP2               0.000      0.000    999.000    999.000
    DEP3               0.000      0.000    999.000    999.000
    DEP4               0.000      0.000    999.000    999.000
    DEP5               0.000      0.000    999.000    999.000
    ALCRES2            0.000      0.000    999.000    999.000
    ALCRES3            0.000      0.000    999.000    999.000
    ALCRES4            0.000      0.000    999.000    999.000
    ALCRES5            0.000      0.000    999.000    999.000
    DEPRES2            0.000      0.000    999.000    999.000
    DEPRES3            0.000      0.000    999.000    999.000
    DEPRES4            0.000      0.000    999.000    999.000
    DEPRES5            0.000      0.000    999.000    999.000

 Variances
    ALCRES1            1.000      0.000    999.000    999.000
    DEPRES1            1.000      0.000    999.000    999.000
    ALCINT             1.000      0.000    999.000    999.000
    ALCSLP             1.000      0.000    999.000    999.000
    DEPINT             1.000      0.000    999.000    999.000

 Residual Variances
    ALC1               0.000    999.000    999.000    999.000
    ALC2               0.000    999.000    999.000    999.000
    ALC3               0.000    999.000    999.000    999.000
    ALC4               0.000    999.000    999.000    999.000
    ALC5               0.000    999.000    999.000    999.000
    DEP1               0.000    999.000    999.000    999.000
    DEP2               0.000    999.000    999.000    999.000
    DEP3               0.000    999.000    999.000    999.000
    DEP4               0.000    999.000    999.000    999.000
    DEP5               0.000    999.000    999.000    999.000
    ALCRES2            0.997      0.006    164.223      0.000
    ALCRES3            0.995      0.011     94.300      0.000
    ALCRES4            0.996      0.009    109.445      0.000
    ALCRES5            0.997      0.007    141.134      0.000
    DEPRES2            0.996      0.005    187.560      0.000
    DEPRES3            0.994      0.009    111.057      0.000
    DEPRES4            0.998      0.004    278.167      0.000
    DEPRES5            0.996      0.006    179.526      0.000


STDY Standardization

                                                    Two-Tailed
                    Estimate       S.E.  Est./S.E.    P-Value

 ALCINT   |
    ALC1               0.777      0.052     15.009      0.000
    ALC2               0.677      0.048     14.008      0.000
    ALC3               0.608      0.050     12.130      0.000
    ALC4               0.508      0.045     11.164      0.000
    ALC5               0.407      0.037     11.036      0.000

 ALCSLP   |
    ALC1               0.000      0.000    999.000    999.000
    ALC2               0.338      0.027     12.400      0.000
    ALC3               0.607      0.045     13.563      0.000
    ALC4               0.760      0.050     15.237      0.000
    ALC5               0.813      0.047     17.399      0.000

 DEPINT   |
    DEP1               0.646      0.033     19.713      0.000
    DEP2               0.618      0.035     17.902      0.000
    DEP3               0.683      0.034     20.347      0.000
    DEP4               0.576      0.034     16.995      0.000
    DEP5               0.549      0.032     17.222      0.000

 ALCRES1  BY
    ALC1               0.630      0.064      9.870      0.000

 ALCRES2  BY
    ALC2               0.714      0.031     22.779      0.000

 ALCRES3  BY
    ALC3               0.628      0.034     18.640      0.000

 ALCRES4  BY
    ALC4               0.551      0.040     13.655      0.000

 ALCRES5  BY
    ALC5               0.541      0.037     14.667      0.000

 DEPRES1  BY
    DEP1               0.764      0.028     27.557      0.000

 DEPRES2  BY
    DEP2               0.786      0.027     29.017      0.000

 DEPRES3  BY
    DEP3               0.730      0.031     23.214      0.000

 DEPRES4  BY
    DEP4               0.818      0.024     34.249      0.000

 DEPRES5  BY
    DEP5               0.836      0.021     39.990      0.000

 ALCRES2  ON
    ALCRES1            0.054      0.056      0.957      0.339

 ALCRES3  ON
    ALCRES2            0.072      0.074      0.970      0.332

 ALCRES4  ON
    ALCRES3            0.067      0.068      0.976      0.329

 ALCRES5  ON
    ALCRES4            0.057      0.062      0.932      0.352

 DEPRES2  ON
    DEPRES1            0.060      0.045      1.333      0.182

 DEPRES3  ON
    DEPRES2            0.076      0.059      1.303      0.192

 DEPRES4  ON
    DEPRES3            0.048      0.037      1.296      0.195

 DEPRES5  ON
    DEPRES4            0.060      0.046      1.284      0.199

 ALCINT   WITH
    ALCSLP            -0.181      0.102     -1.784      0.074
    DEPINT             0.122      0.092      1.326      0.185

 ALCSLP   WITH
    DEPINT            -0.024      0.090     -0.262      0.793

 ALCRES1  WITH
    DEPRES1            0.109      0.099      1.098      0.272

 ALCRES2  WITH
    DEPRES2           -0.015      0.041     -0.358      0.720

 ALCRES3  WITH
    DEPRES3           -0.018      0.050     -0.357      0.721

 ALCRES4  WITH
    DEPRES4           -0.013      0.036     -0.356      0.722

 ALCRES5  WITH
    DEPRES5           -0.010      0.027     -0.356      0.722

 Means
    ALCRES1            0.000      0.000    999.000    999.000
    DEPRES1            0.000      0.000    999.000    999.000
    ALCINT             1.607      0.156     10.275      0.000
    ALCSLP             0.597      0.087      6.838      0.000
    DEPINT             0.747      0.088      8.479      0.000

 Intercepts
    ALC1               0.000      0.000    999.000    999.000
    ALC2               0.000      0.000    999.000    999.000
    ALC3               0.000      0.000    999.000    999.000
    ALC4               0.000      0.000    999.000    999.000
    ALC5               0.000      0.000    999.000    999.000
    DEP1               0.000      0.000    999.000    999.000
    DEP2               0.000      0.000    999.000    999.000
    DEP3               0.000      0.000    999.000    999.000
    DEP4               0.000      0.000    999.000    999.000
    DEP5               0.000      0.000    999.000    999.000
    ALCRES2            0.000      0.000    999.000    999.000
    ALCRES3            0.000      0.000    999.000    999.000
    ALCRES4            0.000      0.000    999.000    999.000
    ALCRES5            0.000      0.000    999.000    999.000
    DEPRES2            0.000      0.000    999.000    999.000
    DEPRES3            0.000      0.000    999.000    999.000
    DEPRES4            0.000      0.000    999.000    999.000
    DEPRES5            0.000      0.000    999.000    999.000

 Variances
    ALCRES1            1.000      0.000    999.000    999.000
    DEPRES1            1.000      0.000    999.000    999.000
    ALCINT             1.000      0.000    999.000    999.000
    ALCSLP             1.000      0.000    999.000    999.000
    DEPINT             1.000      0.000    999.000    999.000

 Residual Variances
    ALC1             999.000    999.000    999.000    999.000
    ALC2             999.000    999.000    999.000    999.000
    ALC3             999.000    999.000    999.000    999.000
    ALC4             999.000    999.000    999.000    999.000
    ALC5             999.000    999.000    999.000    999.000
    DEP1             999.000    999.000    999.000    999.000
    DEP2             999.000    999.000    999.000    999.000
    DEP3             999.000    999.000    999.000    999.000
    DEP4             999.000    999.000    999.000    999.000
    DEP5             999.000    999.000    999.000    999.000
    ALCRES2            0.997      0.006    164.223      0.000
    ALCRES3            0.995      0.011     94.300      0.000
    ALCRES4            0.996      0.009    109.445      0.000
    ALCRES5            0.997      0.007    141.134      0.000
    DEPRES2            0.996      0.005    187.560      0.000
    DEPRES3            0.994      0.009    111.057      0.000
    DEPRES4            0.998      0.004    278.167      0.000
    DEPRES5            0.996      0.006    179.526      0.000


STD Standardization

                                                    Two-Tailed
                    Estimate       S.E.  Est./S.E.    P-Value

 ALCINT   |
    ALC1               2.112      0.173     12.178      0.000
    ALC2               2.112      0.173     12.178      0.000
    ALC3               2.112      0.173     12.178      0.000
    ALC4               2.112      0.173     12.178      0.000
    ALC5               2.112      0.173     12.178      0.000

 ALCSLP   |
    ALC1               0.000      0.000    999.000    999.000
    ALC2               1.054      0.076     13.877      0.000
    ALC3               2.109      0.152     13.877      0.000
    ALC4               3.163      0.228     13.877      0.000
    ALC5               4.217      0.304     13.877      0.000

 DEPINT   |
    DEP1               1.328      0.084     15.794      0.000
    DEP2               1.328      0.084     15.794      0.000
    DEP3               1.328      0.084     15.794      0.000
    DEP4               1.328      0.084     15.794      0.000
    DEP5               1.328      0.084     15.794      0.000

 ALCRES1  BY
    ALC1               1.713      0.186      9.220      0.000

 ALCRES2  BY
    ALC2               2.227      0.132     16.919      0.000

 ALCRES3  BY
    ALC3               2.182      0.138     15.862      0.000

 ALCRES4  BY
    ALC4               2.294      0.182     12.618      0.000

 ALCRES5  BY
    ALC5               2.803      0.204     13.735      0.000

 DEPRES1  BY
    DEP1               1.571      0.087     18.014      0.000

 DEPRES2  BY
    DEP2               1.691      0.095     17.831      0.000

 DEPRES3  BY
    DEP3               1.419      0.084     16.811      0.000

 DEPRES4  BY
    DEP4               1.886      0.100     18.940      0.000

 DEPRES5  BY
    DEP5               2.024      0.101     20.065      0.000

 ALCRES2  ON
    ALCRES1            0.054      0.056      0.957      0.339

 ALCRES3  ON
    ALCRES2            0.072      0.074      0.970      0.332

 ALCRES4  ON
    ALCRES3            0.067      0.068      0.976      0.329

 ALCRES5  ON
    ALCRES4            0.057      0.062      0.932      0.352

 DEPRES2  ON
    DEPRES1            0.060      0.045      1.333      0.182

 DEPRES3  ON
    DEPRES2            0.076      0.059      1.303      0.192

 DEPRES4  ON
    DEPRES3            0.048      0.037      1.296      0.195

 DEPRES5  ON
    DEPRES4            0.060      0.046      1.284      0.199

 ALCINT   WITH
    ALCSLP            -0.181      0.102     -1.784      0.074
    DEPINT             0.122      0.092      1.326      0.185

 ALCSLP   WITH
    DEPINT            -0.024      0.090     -0.262      0.793

 ALCRES1  WITH
    DEPRES1            0.109      0.099      1.098      0.272

 ALCRES2  WITH
    DEPRES2           -0.015      0.041     -0.358      0.720

 ALCRES3  WITH
    DEPRES3           -0.018      0.050     -0.357      0.721

 ALCRES4  WITH
    DEPRES4           -0.013      0.036     -0.356      0.722

 ALCRES5  WITH
    DEPRES5           -0.010      0.027     -0.356      0.722

 Means
    ALCRES1            0.000      0.000    999.000    999.000
    DEPRES1            0.000      0.000    999.000    999.000
    ALCINT             1.607      0.156     10.275      0.000
    ALCSLP             0.597      0.087      6.838      0.000
    DEPINT             0.747      0.088      8.479      0.000

 Intercepts
    ALC1               0.000      0.000    999.000    999.000
    ALC2               0.000      0.000    999.000    999.000
    ALC3               0.000      0.000    999.000    999.000
    ALC4               0.000      0.000    999.000    999.000
    ALC5               0.000      0.000    999.000    999.000
    DEP1               0.000      0.000    999.000    999.000
    DEP2               0.000      0.000    999.000    999.000
    DEP3               0.000      0.000    999.000    999.000
    DEP4               0.000      0.000    999.000    999.000
    DEP5               0.000      0.000    999.000    999.000
    ALCRES2            0.000      0.000    999.000    999.000
    ALCRES3            0.000      0.000    999.000    999.000
    ALCRES4            0.000      0.000    999.000    999.000
    ALCRES5            0.000      0.000    999.000    999.000
    DEPRES2            0.000      0.000    999.000    999.000
    DEPRES3            0.000      0.000    999.000    999.000
    DEPRES4            0.000      0.000    999.000    999.000
    DEPRES5            0.000      0.000    999.000    999.000

 Variances
    ALCRES1            1.000      0.000    999.000    999.000
    DEPRES1            1.000      0.000    999.000    999.000
    ALCINT             1.000      0.000    999.000    999.000
    ALCSLP             1.000      0.000    999.000    999.000
    DEPINT             1.000      0.000    999.000    999.000

 Residual Variances
    ALC1             999.000    999.000    999.000    999.000
    ALC2             999.000    999.000    999.000    999.000
    ALC3             999.000    999.000    999.000    999.000
    ALC4             999.000    999.000    999.000    999.000
    ALC5             999.000    999.000    999.000    999.000
    DEP1             999.000    999.000    999.000    999.000
    DEP2             999.000    999.000    999.000    999.000
    DEP3             999.000    999.000    999.000    999.000
    DEP4             999.000    999.000    999.000    999.000
    DEP5             999.000    999.000    999.000    999.000
    ALCRES2            0.997      0.006    164.223      0.000
    ALCRES3            0.995      0.011     94.300      0.000
    ALCRES4            0.996      0.009    109.445      0.000
    ALCRES5            0.997      0.007    141.134      0.000
    DEPRES2            0.996      0.005    187.560      0.000
    DEPRES3            0.994      0.009    111.057      0.000
    DEPRES4            0.998      0.004    278.167      0.000
    DEPRES5            0.996      0.006    179.526      0.000


R-SQUARE

    Observed                                        Two-Tailed
    Variable        Estimate       S.E.  Est./S.E.    P-Value

    ALC1               1.000    999.000    999.000    999.000
    ALC2               1.000    999.000    999.000    999.000
    ALC3               1.000    999.000    999.000    999.000
    ALC4               1.000    999.000    999.000    999.000
    ALC5               1.000    999.000    999.000    999.000
    DEP1               1.000    999.000    999.000    999.000
    DEP2               1.000    999.000    999.000    999.000
    DEP3               1.000    999.000    999.000    999.000
    DEP4               1.000    999.000    999.000    999.000
    DEP5               1.000    999.000    999.000    999.000

     Latent                                         Two-Tailed
    Variable        Estimate       S.E.  Est./S.E.    P-Value

    ALCRES2            0.003      0.006      0.478      0.632
    ALCRES3            0.005      0.011      0.485      0.628
    ALCRES4            0.004      0.009      0.488      0.625
    ALCRES5            0.003      0.007      0.466      0.641
    DEPRES2            0.004      0.005      0.667      0.505
    DEPRES3            0.006      0.009      0.652      0.515
    DEPRES4            0.002      0.004      0.648      0.517
    DEPRES5            0.004      0.006      0.642      0.521


QUALITY OF NUMERICAL RESULTS

     Condition Number for the Information Matrix              0.619E-02
       (ratio of smallest to largest eigenvalue)


DIAGRAM INFORMATION

  Use View Diagram under the Diagram menu in the Mplus Editor to view the diagram.
  If running Mplus from the Mplus Diagrammer, the diagram opens automatically.

  Diagram output
    c:\projects\current\lcm-sr\m05 uncond lcm-sr for alc & dep without arcl.dgm

     Beginning Time:  12:30:09
        Ending Time:  12:30:09
       Elapsed Time:  00:00:00



MUTHEN & MUTHEN
3463 Stoner Ave.
Los Angeles, CA  90066

Tel: (310) 391-9971
Fax: (310) 391-8971
Web: www.StatModel.com
Support: Support@StatModel.com

Copyright (c) 1998-2014 Muthen & Muthen
